make all --print-data-base --no-builtin-variables --no-builtin-rules --question
# GNU Make 3.81
# Copyright (C) 2006  Free Software Foundation, Inc.
# This is free software; see the source for copying conditions.
# There is NO warranty; not even for MERCHANTABILITY or FITNESS FOR A
# PARTICULAR PURPOSE.

# This program built for i386-apple-darwin11.3.0
 

# Make data base, printed on Sat May 21 14:57:54 2022

# Variables

# automatic
 
<D = $(patsubst %/,%,$(dir $<))
# automatic
?F = $(notdir $?)
# environment
ELECTRON_NO_ATTACH_CONSOLE = 1
# makefile (from `Makefile', line 29)
OBJ = $(addprefix $(OBJ_DIR)/, $(SRC:%.c=%.o))
# makefile (from `Makefile', line 17)
SRC = main.c parsing.c built_cd.c built_echo.c built_in.c built_pwd.c built_env.c built_export.c ft_strlen_split.c exec.c ft_strcmp.c 
# makefile (from `Makefile', line 35)
IFLAGS = $(foreach dir, $(INC_DIR), -I $(dir))
# environment
VSCODE_LOG_NATIVE = false
# automatic
?D = $(patsubst %/,%,$(dir $?))
# automatic
@D = $(patsubst %/,%,$(dir $@))
# automatic
@F = $(notdir $@)
# makefile
CURDIR := /Users/anisbahmani/Desktop/42/projets/minishell
# makefile
SHELL = /bin/sh
# environment
VSCODE_NLS_CONFIG = {"locale":"fr","availableLanguages":{"*":"fr"},"_languagePackId":"25fe6a3290ec415596628d4afc87a88c.fr","_translationsConfigFile":"/Users/anisbahmani/Library/Application Support/Code/clp/25fe6a3290ec415596628d4afc87a88c.fr/tcf.json","_cacheRoot":"/Users/anisbahmani/Library/Application Support/Code/clp/25fe6a3290ec415596628d4afc87a88c.fr","_resolvedLanguagePackCoreLocation":"/Users/anisbahmani/Library/Application Support/Code/clp/25fe6a3290ec415596628d4afc87a88c.fr/da15b6fd3ef856477bf6f4fb29ba1b7af717770d","_corruptedFile":"/Users/anisbahmani/Library/Application Support/Code/clp/25fe6a3290ec415596628d4afc87a88c.fr/corrupted.info","_languagePackSupport":true}
# environment
_ = /usr/bin/make
# makefile (from `Makefile', line 33)
CFLAGS = -Wall -Wextra -Werror -pthread 
# makefile (from `Makefile', line 1)
MAKEFILE_LIST :=  Makefile
# makefile (from `Makefile', line 11)
LIB_DIR = lib/libft
# makefile (from `Makefile', line 9)
OBJ_DIR = obj
# environment
VSCODE_VERBOSE_LOGGING = true
# environment
__CFBundleIdentifier = com.microsoft.VSCode
# environment
INFOPATH = /opt/homebrew/share/info:
# environment
VSCODE_IPC_HOOK_EXTHOST = /var/folders/yz/j_jsdsxd7fl51f6xbhmw6h0w0000gn/T/vscode-ipc-22a2b093-e8b7-4eee-bb05-2bcc8d4f0853.sock
# environment
VSCODE_CWD = /Users/anisbahmani
# environment
PATH = /Users/anisbahmani/.jbang/bin:/opt/homebrew/bin:/opt/homebrew/sbin:/usr/local/bin:/usr/bin:/bin:/usr/sbin:/sbin:/Users/anisbahmani/javacc-5.0/bin
# environment
LSCOLORS = Gxfxcxdxbxegedabagacad
# environment
VSCODE_LOG_STACK = false
# environment
ELECTRON_RUN_AS_NODE = 1
# default
.FEATURES := target-specific order-only second-expansion else-if archives jobserver check-symlink
# environment
SSH_AUTH_SOCK = /private/tmp/com.apple.launchd.OeNNmaWaIp/Listeners
# automatic
%F = $(notdir $%)
# environment
VSCODE_PIPE_LOGGING = true
# environment
PWD = /Users/anisbahmani/Desktop/42/projets/minishell
# environment
HOMEBREW_CELLAR = /opt/homebrew/Cellar
# environment
ORIGINAL_XDG_CURRENT_DESKTOP = undefined
# makefile (from `Makefile', line 6)
INC_DIR = $(shell find includes -type d) $(shell find lib/libft -type d) 
# environment
MANPATH = /opt/homebrew/share/man::
# environment
VSCODE_AMD_ENTRYPOINT = vs/workbench/api/node/extensionHostProcess
# environment
HOME = /Users/anisbahmani
# default
MAKEFILEPATH := /Applications/Xcode.app/Contents/Developer/Makefiles
# environment
VSCODE_CLI = 1
# environment
VSCODE_CODE_CACHE_PATH = /Users/anisbahmani/Library/Application Support/Code/CachedData/da15b6fd3ef856477bf6f4fb29ba1b7af717770d
# environment
LOGNAME = anisbahmani
# environment
APPLICATION_INSIGHTS_NO_DIAGNOSTIC_CHANNEL = 1
# environment
ZSH = /Users/anisbahmani/.oh-my-zsh
# environment
VSCODE_HANDLES_UNCAUGHT_ERRORS = true
# automatic
^D = $(patsubst %/,%,$(dir $^))
# environment
XPC_FLAGS = 0x0
# environment
COLORTERM = truecolor
# default
MAKE = $(MAKE_COMMAND)
# environment
LC_TERMINAL = iTerm2
# environment
SHLVL = 3
# makefile (from `Makefile', line 3)
CC = gcc
# default
MAKE_VERSION := 3.81
# environment
USER = anisbahmani
# makefile
.DEFAULT_GOAL := install
# default
 
MAKECMDGOALS := all
# environment
TERM_SESSION_ID = w0t0p0:1E410F9F-84B8-4D78-B300-9217375F0674
# makefile (from `Makefile', line 1)
NAME = minishell
# environment
LESS = -R
# automatic
%D = $(patsubst %/,%,$(dir $%))
# default
MAKE_COMMAND := /Applications/Xcode.app/Contents/Developer/usr/bin/make
# environment
TERM_PROGRAM = iTerm.app
# default
.VARIABLES := 
# environment
TMPDIR = /var/folders/yz/j_jsdsxd7fl51f6xbhmw6h0w0000gn/T/
# automatic
*F = $(notdir $*)
# environment
VSCODE_IPC_HOOK = /Users/anisbahmani/Library/Application Support/Code/1.67.1-main.sock
# makefile
MAKEFLAGS = Rrqp
# environment
MFLAGS = -Rrqp
# automatic
*D = $(patsubst %/,%,$(dir $*))
# environment
TERM_PROGRAM_VERSION = 3.4.15
# environment
XPC_SERVICE_NAME = application.com.microsoft.VSCode.25348168.25348174.20979E85-8F32-464F-A5EC-FC2EA0A5B5BF
# environment
LC_TERMINAL_VERSION = 3.4.15
# environment
HOMEBREW_PREFIX = /opt/homebrew
# automatic
+D = $(patsubst %/,%,$(dir $+))
# automatic
+F = $(notdir $+)
# environment
ITERM_SESSION_ID = w0t0p0:1E410F9F-84B8-4D78-B300-9217375F0674
# environment
HOMEBREW_REPOSITORY = /opt/homebrew
# environment
COLORFGBG = 7;0
# environment
__CF_USER_TEXT_ENCODING = 0x1F5:0x0:0x1
# environment
COMMAND_MODE = unix2003
# default
MAKEFILES := 
# makefile (from `Makefile', line 5)
SRC_DIR = $(shell find srcs -type d)
# automatic
<F = $(notdir $<)
# environment
ITERM_PROFILE = Default
# environment
PAGER = less
# environment
LC_ALL = C
# automatic
^F = $(notdir $^)
# default
SUFFIXES := 
# default
.INCLUDE_DIRS = /usr/local/include
# environment
MAKELEVEL := 0
# environment
LANG = C
# environment
TERM = xterm-256color
# environment
VSCODE_PID = 1104
# variable set hash-table stats:
# Load=93/1024=9%, Rehash=0, Collisions=7/129=5%

# Pattern-specific Variable Values

# No pattern-specific variable values.

# Directories

# . (device 16777234, inode 24515414): 10 files, no impossibilities.
# srcs/executor (device 16777234, inode 24518468): No files, no impossibilities so far.
# srcs/utils (device 16777234, inode 25486969): No files, no impossibilities so far.
# srcs/built_in (device 16777234, inode 25485504): No files, no impossibilities so far.
# srcs (device 16777234, inode 24518451): No files, no impossibilities so far.
# srcs/parser (device 16777234, inode 24518464): No files, no impossibilities so far.

# 10 files, no impossibilities in 6 directories.

# Implicit Rules

obj/%.o: %.c
#  commands to execute (from `Makefile', line 70):
	@echo "Compiling $@ ... \c"
	@mkdir -p $(OBJ_DIR)
	@$(CC) $(CFLAGS) $(IFLAGS) -o $@ -c $<
	@echo "DONE"
	

# 1 implicit rules, 0 (0.0%) terminal.

# Files

re-install:
#  Implicit rule search has not been done.
#  Modification time never checked.
#  File has not been updated.
#  commands to execute (from `Makefile', line 43):
	@$(foreach dir, $(LIB_DIR), make -C $(dir) re;)
	

# Not a target:
obj/ft_strcmp.o:
#  Implicit rule search has not been done.
#  Modification time never checked.
#  File has not been updated.

all:
#  Phony target (prerequisite of .PHONY).
#  Command-line target.
#  Implicit rule search has not been done.
#  Implicit/static pattern stem: `'
#  File does not exist.
#  File has been updated.
#  Needs to be updated (-q is set).
# automatic
# @ := all
# automatic
# % := 
# automatic
# * := 
# automatic
# + := 
# automatic
# | := 
# automatic
# < := 
# automatic
# ^ := 
# automatic
# ? := 
# variable set hash-table stats:
# Load=8/32=25%, Rehash=0, Collisions=1/12=8%
#  commands to execute (from `Makefile', line 49):
	@echo "\n___$(NAME) Setting___\n"
	@make  $(NAME)
	

.PHONY: all bonus show re clean flcean
#  Implicit rule search has not been done.
#  Modification time never checked.
#  File has not been updated.

flcean:
#  Phony target (prerequisite of .PHONY).
#  Implicit rule search has not been done.
#  File does not exist.
#  File has not been updated.

# Not a target:
obj/main.o:
#  Implicit rule search has not been done.
#  Modification time never checked.
#  File has not been updated.

# Not a target:
 
.SUFFIXES:
#  Implicit rule search has not been done.
#  Modification time never checked.
#  File has not been updated.

# Not a target:
obj/built_cd.o:
#  Implicit rule search has not been done.
#  Modification time never checked.
#  File has not been updated.

# Not a target:
Makefile:
#  Implicit rule search has been done.
#  Last modified 2022-05-09 10:22:22
#  File has been updated.
#  Successfully updated.
# variable set hash-table stats:
# Load=0/32=0%, Rehash=0, Collisions=0/0=0%

# Not a target:
obj/parsing.o:
#  Implicit rule search has not been done.
#  Modification time never checked.
#  File has not been updated.

minishell: install obj/main.o obj/parsing.o obj/built_cd.o obj/built_echo.o obj/built_in.o obj/built_pwd.o obj/built_env.o obj/built_export.o obj/ft_strlen_split.o obj/exec.o obj/ft_strcmp.o
#  Implicit rule search has not been done.
#  Modification time never checked.
#  File has not been updated.
#  commands to execute (from `Makefile', line 65):
	@echo "-----\nCreating Binary File $@ ... \c"
	@$(CC) $(CFLAGS) $(OBJ) -o $(NAME)
	@echo "DONE\n-----"
	

bonus: fclean
#  Phony target (prerequisite of .PHONY).
#  Implicit rule search has not been done.
#  File does not exist.
#  File has not been updated.
#  commands to execute (from `Makefile', line 53):
	@echo "\n___$(NAME) Setting___\n"
	@make $(NAME_BONUS)
	

# Not a target:
obj/built_in.o:
#  Implicit rule search has not been done.
#  Modification time never checked.
#  File has not been updated.

fclean: clean
#  Implicit rule search has not been done.
#  Modification time never checked.
#  File has not been updated.
#  commands to execute (from `Makefile', line 83):
	@echo "Deleting Binary File $(NAME) ... \c"
	@rm -f $(NAME)
	@echo "DONE\n-----"
	

# Not a target:
obj/built_echo.o:
#  Implicit rule search has not been done.
#  Modification time never checked.
#  File has not been updated.

# Not a target:
obj/built_export.o:
#  Implicit rule search has not been done.
#  Modification time never checked.
#  File has not been updated.

# Not a target:
.DEFAULT:
#  Implicit rule search has not been done.
#  Modification time never checked.
#  File has not been updated.

re: fclean all
#  Phony target (prerequisite of .PHONY).
#  Implicit rule search has not been done.
#  File does not exist.
#  File has not been updated.

clean:
#  Phony target (prerequisite of .PHONY).
#  Implicit rule search has not been done.
#  File does not exist.
#  File has not been updated.
#  commands to execute (from `Makefile', line 78):
	@echo "Deleting Objects Directory $(OBJ_DIR) ... \c"
	@$(foreach file, $(OBJ), rm -rf $(file))
	@echo "DONE\n-----"
	

show:
#  Phony target (prerequisite of .PHONY).
#  Implicit rule search has not been done.
#  File does not exist.
#  File has not been updated.
#  commands to execute (from `Makefile', line 57):
	@echo "SRC :\n$(SRC)"
	@echo "OBJ :\n$(OBJ)"
	@echo "CFLAGS :\n$(CFLAGS)"
	@echo "IFLAGS :\n$(IFLAGS)"
	@echo "\n-----\n"
	@echo "Compiling : \n$(CC) $(CFLAGS) $(OBJ) -o $(NAME)"
	

# Not a target:
obj/exec.o:
#  Implicit rule search has not been done.
#  Modification time never checked.
#  File has not been updated.

# Not a target:
obj/built_env.o:
#  Implicit rule search has not been done.
#  Modification time never checked.
#  File has not been updated.

fclean-install:
#  Implicit rule search has not been done.
#  Modification time never checked.
#  File has not been updated.
#  commands to execute (from `Makefile', line 46):
	@make -C lib/libft fclean
	

# Not a target:
obj/built_pwd.o:
#  Implicit rule search has not been done.
#  Modification time never checked.
#  File has not been updated.

# Not a target:
obj/ft_strlen_split.o:
#  Implicit rule search has not been done.
#  Modification time never checked.
#  File has not been updated.

install:
#  Implicit rule search has not been done.
#  Modification time never checked.
#  File has not been updated.
#  commands to execute (from `Makefile', line 40):
	@$(foreach dir, $(LIB_DIR), make -C $(dir) bonus;)
	

# files hash-table stats:
# Load=26/1024=3%, Rehash=0, Collisions=0/62=0%
# VPATH Search Paths

vpath %.c srcs:srcs/utils:srcs/parser:srcs/built_in:srcs/executor

# 1 `vpath' search paths.

# No general (`VPATH' variable) search path.

# # of strings in strcache: 1
# # of strcache buffers: 1
# strcache size: total = 4096 / max = 4096 / min = 4096 / avg = 4096
# strcache free: total = 4087 / max = 4087 / min = 4087 / avg = 4087

 
# Finished Make data base on Sat May 21 14:57:54 2022

 
